Instagram Scrape Error for Oum (oum.sorasora): Followers pattern not found in meta description: 'Welcome back to Instagram. Sign in to check out what your friends, family & interests have been capturing & sharing around the world.'
Instagram Scrape Error for Minmin (minmin.sorasora): Followers pattern not found in meta description: 'Welcome back to Instagram. Sign in to check out what your friends, family & interests have been capturing & sharing around the world.'
Instagram Scrape Error for Best (best.sorasora): Followers pattern not found in meta description: 'Welcome back to Instagram. Sign in to check out what your friends, family & interests have been capturing & sharing around the world.'
Instagram Scrape Error for Jennie (jennie.sorasora): Followers pattern not found in meta description: 'Welcome back to Instagram. Sign in to check out what your friends, family & interests have been capturing & sharing around the world.'
Instagram Scrape Error for Pin (pin.sorasora): Followers pattern not found in meta description: 'Welcome back to Instagram. Sign in to check out what your friends, family & interests have been capturing & sharing around the world.'
Instagram Scrape Error for Kwang (kwang.yamiyami): Followers pattern not found in meta description: 'Welcome back to Instagram. Sign in to check out what your friends, family & interests have been capturing & sharing around the world.'
Instagram Scrape Error for Jan (jan.yamiyami): Followers pattern not found in meta description: 'Welcome back to Instagram. Sign in to check out what your friends, family & interests have been capturing & sharing around the world.'
Instagram Scrape Error for Nori (nori.yamiyami): Followers pattern not found in meta description: 'Welcome back to Instagram. Sign in to check out what your friends, family & interests have been capturing & sharing around the world.'
Instagram Scrape Error for Praew (praew.yamiyami): Followers pattern not found in meta description: 'Welcome back to Instagram. Sign in to check out what your friends, family & interests have been capturing & sharing around the world.'
Instagram Scrape Error for Xiu Zhen (xiuzhen.yamiyami): Followers pattern not found in meta description: 'Welcome back to Instagram. Sign in to check out what your friends, family & interests have been capturing & sharing around the world.'
Instagram Scrape Error for Tonliw (tonliw.yamiyami): Followers pattern not found in meta description: 'Welcome back to Instagram. Sign in to check out what your friends, family & interests have been capturing & sharing around the world.'
Instagram Scrape Error for Punch (punch.yamiyami): Followers pattern not found in meta description: 'Welcome back to Instagram. Sign in to check out what your friends, family & interests have been capturing & sharing around the world.'
Instagram Scrape Error for Alice (alice.miraimirai): Followers pattern not found in meta description: 'Welcome back to Instagram. Sign in to check out what your friends, family & interests have been capturing & sharing around the world.'
Instagram Scrape Error for Nisa (Nisa.miraimirai): Followers pattern not found in meta description: 'Welcome back to Instagram. Sign in to check out what your friends, family & interests have been capturing & sharing around the world.'
Instagram Scrape Error for Kris (Kris.miraimirai): Followers pattern not found in meta description: 'Welcome back to Instagram. Sign in to check out what your friends, family & interests have been capturing & sharing around the world.'
Instagram Scrape Error for Farm (farm.dream0n): Followers pattern not found in meta description: 'Welcome back to Instagram. Sign in to check out what your friends, family & interests have been capturing & sharing around the world.'
Instagram Scrape Error for Kartun (Kartun.miraimirai): Followers pattern not found in meta description: 'Welcome back to Instagram. Sign in to check out what your friends, family & interests have been capturing & sharing around the world.'
Instagram Scrape Error for Mickey (Mickey.miraimirai): Followers pattern not found in meta description: 'Welcome back to Instagram. Sign in to check out what your friends, family & interests have been capturing & sharing around the world.'
Instagram Scrape Error for Pear (Pear.miraimirai): Followers pattern not found in meta description: 'Welcome back to Instagram. Sign in to check out what your friends, family & interests have been capturing & sharing around the world.'
Instagram Scrape Error for Sai (Sai.miraimirai): Followers pattern not found in meta description: 'Welcome back to Instagram. Sign in to check out what your friends, family & interests have been capturing & sharing around the world.'
Instagram Scrape Error for Pixels (Pixels.miraimirai): Followers pattern not found in meta description: 'Welcome back to Instagram. Sign in to check out what your friends, family & interests have been capturing & sharing around the world.'
Instagram Scrape Error for Jasmine (jasmine.dream0n): Followers pattern not found in meta description: 'Welcome back to Instagram. Sign in to check out what your friends, family & interests have been capturing & sharing around the world.'
Instagram Scrape Error for Jk (jk.dream0n): Followers pattern not found in meta description: 'Welcome back to Instagram. Sign in to check out what your friends, family & interests have been capturing & sharing around the world.'
Instagram Scrape Error for Jeenin (jeenin.dream0n): Followers pattern not found in meta description: 'Welcome back to Instagram. Sign in to check out what your friends, family & interests have been capturing & sharing around the world.'
Instagram Scrape Error for Mali (mali.dream0n): Followers pattern not found in meta description: 'Welcome back to Instagram. Sign in to check out what your friends, family & interests have been capturing & sharing around the world.'
Instagram Scrape Error for Ploy (ploy.dream0n): Followers pattern not found in meta description: 'Welcome back to Instagram. Sign in to check out what your friends, family & interests have been capturing & sharing around the world.'
Instagram Scrape Error for Moya (moya.dream0n): Followers pattern not found in meta description: 'Welcome back to Instagram. Sign in to check out what your friends, family & interests have been capturing & sharing around the world.'
Instagram Scrape Error for Snowy (snowy.dream0n): Followers pattern not found in meta description: 'Welcome back to Instagram. Sign in to check out what your friends, family & interests have been capturing & sharing around the world.'
Instagram Scrape Error for Gracenae (Gracenae.mirai): Followers pattern not found in meta description: 'Welcome back to Instagram. Sign in to check out what your friends, family & interests have been capturing & sharing around the world.'
Instagram Scrape Error for Feb (feb.nox0ff): Followers pattern not found in meta description: 'Welcome back to Instagram. Sign in to check out what your friends, family & interests have been capturing & sharing around the world.'
Instagram Scrape Error for Bowie (bowie.nox0ff): Followers pattern not found in meta description: 'Welcome back to Instagram. Sign in to check out what your friends, family & interests have been capturing & sharing around the world.'
Instagram Scrape Error for Miyu (miyu.nox0ff): Followers pattern not found in meta description: 'Welcome back to Instagram. Sign in to check out what your friends, family & interests have been capturing & sharing around the world.'
Instagram Scrape Error for Sora! Sora! (sorasora_idol): Followers pattern not found in meta description: 'Welcome back to Instagram. Sign in to check out what your friends, family & interests have been capturing & sharing around the world.'
Instagram Scrape Error for Time (time.nox0ff): Followers pattern not found in meta description: 'Welcome back to Instagram. Sign in to check out what your friends, family & interests have been capturing & sharing around the world.'
Instagram Scrape Error for Mii (mii.nox0ff): Followers pattern not found in meta description: 'Welcome back to Instagram. Sign in to check out what your friends, family & interests have been capturing & sharing around the world.'
Instagram Scrape Error for Yami Yami (yamiyami_idol): Followers pattern not found in meta description: 'Welcome back to Instagram. Sign in to check out what your friends, family & interests have been capturing & sharing around the world.'
Instagram Scrape Error for Mirai Mirai (miraimirai_idol): Followers pattern not found in meta description: 'Welcome back to Instagram. Sign in to check out what your friends, family & interests have been capturing & sharing around the world.'
Instagram Scrape Error for Yiwha (yiwha.nox0ff): Followers pattern not found in meta description: 'Welcome back to Instagram. Sign in to check out what your friends, family & interests have been capturing & sharing around the world.'
Instagram Scrape Error for Nox:0ff (nox0ff.idol): Followers pattern not found in meta description: 'Welcome back to Instagram. Sign in to check out what your friends, family & interests have been capturing & sharing around the world.'
Instagram Scrape Error for Dream:0n (dream0n_idol): Followers pattern not found in meta description: 'Welcome back to Instagram. Sign in to check out what your friends, family & interests have been capturing & sharing around the world.'
TikTok Scrape Error for Jan (jan.yamiyami): Could not locate followers count element on TikTok page
